0 info it worked if it ends with ok
1 verbose cli [ 'node', '/usr/local/bin/npm', 'i' ]
2 info using npm@2.14.2
3 info using node@v0.12.7
4 verbose node symlink /usr/local/bin/node
5 verbose readDependencies loading dependencies from /Users/alemhnan/Work/2016/IS/tries/mymaap/package.json
6 verbose install where, deps [ '/Users/alemhnan/Work/2016/IS/tries/mymaap',
6 verbose install   [ 'bower',
6 verbose install     'maap',
6 verbose install     'jshint',
6 verbose install     'plato',
6 verbose install     'complexity-report',
6 verbose install     'karma',
6 verbose install     'karma-jasmine',
6 verbose install     'karma-junit-reporter',
6 verbose install     'phantomjs',
6 verbose install     'karma-phantomjs-launcher',
6 verbose install     'karma-coverage',
6 verbose install     'karma-chrome-launcher',
6 verbose install     'karma-firefox-launcher',
6 verbose install     'karma-html2js-preprocessor',
6 verbose install     'karma-script-launcher',
6 verbose install     'karma-coffee-preprocessor',
6 verbose install     'requirejs',
6 verbose install     'karma-requirejs',
6 verbose install     'nodemon' ] ]
7 verbose install where, peers [ '/Users/alemhnan/Work/2016/IS/tries/mymaap', [] ]
8 verbose installManyTop reading for lifecycle /Users/alemhnan/Work/2016/IS/tries/mymaap/package.json
9 info preinstall maap-scaffold@0.0.1
10 verbose installManyTop reading scoped package data from /Users/alemhnan/Work/2016/IS/tries/mymaap/node_modules/bower/package.json
11 verbose installManyTop reading scoped package data from /Users/alemhnan/Work/2016/IS/tries/mymaap/node_modules/complexity-report/package.json
12 verbose installManyTop reading scoped package data from /Users/alemhnan/Work/2016/IS/tries/mymaap/node_modules/jshint/package.json
13 verbose installManyTop reading scoped package data from /Users/alemhnan/Work/2016/IS/tries/mymaap/node_modules/karma/package.json
14 verbose installManyTop reading scoped package data from /Users/alemhnan/Work/2016/IS/tries/mymaap/node_modules/karma-chrome-launcher/package.json
15 verbose installManyTop reading scoped package data from /Users/alemhnan/Work/2016/IS/tries/mymaap/node_modules/karma-coffee-preprocessor/package.json
16 verbose installManyTop reading scoped package data from /Users/alemhnan/Work/2016/IS/tries/mymaap/node_modules/karma-coverage/package.json
17 verbose installManyTop reading scoped package data from /Users/alemhnan/Work/2016/IS/tries/mymaap/node_modules/karma-firefox-launcher/package.json
18 verbose installManyTop reading scoped package data from /Users/alemhnan/Work/2016/IS/tries/mymaap/node_modules/karma-html2js-preprocessor/package.json
19 verbose installManyTop reading scoped package data from /Users/alemhnan/Work/2016/IS/tries/mymaap/node_modules/karma-jasmine/package.json
20 verbose installManyTop reading scoped package data from /Users/alemhnan/Work/2016/IS/tries/mymaap/node_modules/karma-junit-reporter/package.json
21 verbose installManyTop reading scoped package data from /Users/alemhnan/Work/2016/IS/tries/mymaap/node_modules/karma-phantomjs-launcher/package.json
22 verbose installManyTop reading scoped package data from /Users/alemhnan/Work/2016/IS/tries/mymaap/node_modules/karma-requirejs/package.json
23 verbose installManyTop reading scoped package data from /Users/alemhnan/Work/2016/IS/tries/mymaap/node_modules/karma-script-launcher/package.json
24 verbose installManyTop reading scoped package data from /Users/alemhnan/Work/2016/IS/tries/mymaap/node_modules/maap/package.json
25 verbose installManyTop reading scoped package data from /Users/alemhnan/Work/2016/IS/tries/mymaap/node_modules/nodemon/package.json
26 verbose installManyTop reading scoped package data from /Users/alemhnan/Work/2016/IS/tries/mymaap/node_modules/phantomjs/package.json
27 verbose installManyTop reading scoped package data from /Users/alemhnan/Work/2016/IS/tries/mymaap/node_modules/plato/package.json
28 verbose installManyTop reading scoped package data from /Users/alemhnan/Work/2016/IS/tries/mymaap/node_modules/requirejs/package.json
29 info package.json jshint@2.4.4 No license field.
30 info package.json bower@1.3.12 No license field.
31 info package.json nodemon@1.0.20 No license field.
32 info package.json plato@1.0.1 No license field.
33 info package.json requirejs@2.1.20 No license field.
34 verbose readDependencies loading dependencies from /Users/alemhnan/Work/2016/IS/tries/mymaap/package.json
35 verbose targetResolver reading package data from /Users/alemhnan/Work/2016/IS/tries/mymaap/node_modules/bower/package.json
36 verbose targetResolver reading package data from /Users/alemhnan/Work/2016/IS/tries/mymaap/node_modules/complexity-report/package.json
37 verbose targetResolver reading package data from /Users/alemhnan/Work/2016/IS/tries/mymaap/node_modules/jshint/package.json
38 verbose targetResolver reading package data from /Users/alemhnan/Work/2016/IS/tries/mymaap/node_modules/karma/package.json
39 verbose targetResolver reading package data from /Users/alemhnan/Work/2016/IS/tries/mymaap/node_modules/karma-chrome-launcher/package.json
40 verbose targetResolver reading package data from /Users/alemhnan/Work/2016/IS/tries/mymaap/node_modules/karma-coffee-preprocessor/package.json
41 verbose targetResolver reading package data from /Users/alemhnan/Work/2016/IS/tries/mymaap/node_modules/karma-coverage/package.json
42 verbose targetResolver reading package data from /Users/alemhnan/Work/2016/IS/tries/mymaap/node_modules/karma-firefox-launcher/package.json
43 verbose targetResolver reading package data from /Users/alemhnan/Work/2016/IS/tries/mymaap/node_modules/karma-html2js-preprocessor/package.json
44 verbose targetResolver reading package data from /Users/alemhnan/Work/2016/IS/tries/mymaap/node_modules/karma-jasmine/package.json
45 verbose targetResolver reading package data from /Users/alemhnan/Work/2016/IS/tries/mymaap/node_modules/karma-junit-reporter/package.json
46 verbose targetResolver reading package data from /Users/alemhnan/Work/2016/IS/tries/mymaap/node_modules/karma-phantomjs-launcher/package.json
47 verbose targetResolver reading package data from /Users/alemhnan/Work/2016/IS/tries/mymaap/node_modules/karma-requirejs/package.json
48 verbose targetResolver reading package data from /Users/alemhnan/Work/2016/IS/tries/mymaap/node_modules/karma-script-launcher/package.json
49 verbose targetResolver reading package data from /Users/alemhnan/Work/2016/IS/tries/mymaap/node_modules/maap/package.json
50 verbose targetResolver reading package data from /Users/alemhnan/Work/2016/IS/tries/mymaap/node_modules/nodemon/package.json
51 verbose targetResolver reading package data from /Users/alemhnan/Work/2016/IS/tries/mymaap/node_modules/phantomjs/package.json
52 verbose targetResolver reading package data from /Users/alemhnan/Work/2016/IS/tries/mymaap/node_modules/plato/package.json
53 verbose targetResolver reading package data from /Users/alemhnan/Work/2016/IS/tries/mymaap/node_modules/requirejs/package.json
54 verbose targetResolver reading package data from /Users/alemhnan/Work/2016/IS/tries/mymaap/node_modules/.bin/cr/package.json
55 verbose targetResolver reading package data from /Users/alemhnan/Work/2016/IS/tries/mymaap/node_modules/.bin/jshint/package.json
56 verbose targetResolver reading package data from /Users/alemhnan/Work/2016/IS/tries/mymaap/node_modules/.bin/maap/package.json
57 verbose targetResolver reading package data from /Users/alemhnan/Work/2016/IS/tries/mymaap/node_modules/.bin/nodemon/package.json
58 verbose targetResolver reading package data from /Users/alemhnan/Work/2016/IS/tries/mymaap/node_modules/.bin/phantomjs/package.json
59 verbose targetResolver reading package data from /Users/alemhnan/Work/2016/IS/tries/mymaap/node_modules/.bin/plato/package.json
60 verbose targetResolver reading package data from /Users/alemhnan/Work/2016/IS/tries/mymaap/node_modules/.bin/r.js/package.json
61 verbose already installed skipping karma-script-launcher@~0.1.0 /Users/alemhnan/Work/2016/IS/tries/mymaap
62 verbose already installed skipping karma-coffee-preprocessor@~0.2.1 /Users/alemhnan/Work/2016/IS/tries/mymaap
63 verbose already installed skipping requirejs@~2.1.11 /Users/alemhnan/Work/2016/IS/tries/mymaap
64 verbose already installed skipping karma-requirejs@~0.2.1 /Users/alemhnan/Work/2016/IS/tries/mymaap
65 verbose already installed skipping nodemon@~1.0.17 /Users/alemhnan/Work/2016/IS/tries/mymaap
66 verbose already installed skipping bower@~1.3.1 /Users/alemhnan/Work/2016/IS/tries/mymaap
67 verbose already installed skipping maap@~1.0.1 /Users/alemhnan/Work/2016/IS/tries/mymaap
68 verbose already installed skipping jshint@~2.4.4 /Users/alemhnan/Work/2016/IS/tries/mymaap
69 verbose already installed skipping plato@~1.0.1 /Users/alemhnan/Work/2016/IS/tries/mymaap
70 verbose already installed skipping complexity-report@~1.0.2 /Users/alemhnan/Work/2016/IS/tries/mymaap
71 verbose already installed skipping karma@~0.12.1 /Users/alemhnan/Work/2016/IS/tries/mymaap
72 verbose already installed skipping karma-jasmine@~0.1.5 /Users/alemhnan/Work/2016/IS/tries/mymaap
73 verbose already installed skipping karma-junit-reporter@~0.2.1 /Users/alemhnan/Work/2016/IS/tries/mymaap
74 verbose already installed skipping phantomjs@~1.9.7-1 /Users/alemhnan/Work/2016/IS/tries/mymaap
75 verbose already installed skipping karma-phantomjs-launcher@~0.1.2 /Users/alemhnan/Work/2016/IS/tries/mymaap
76 verbose already installed skipping karma-coverage@~0.2.1 /Users/alemhnan/Work/2016/IS/tries/mymaap
77 verbose already installed skipping karma-chrome-launcher@~0.1.2 /Users/alemhnan/Work/2016/IS/tries/mymaap
78 verbose already installed skipping karma-firefox-launcher@~0.1.3 /Users/alemhnan/Work/2016/IS/tries/mymaap
79 verbose already installed skipping karma-html2js-preprocessor@~0.1.0 /Users/alemhnan/Work/2016/IS/tries/mymaap
80 silly install resolved []
81 info build /Users/alemhnan/Work/2016/IS/tries/mymaap
82 info linkStuff maap-scaffold@0.0.1
83 silly linkStuff maap-scaffold@0.0.1 has /Users/alemhnan/Work/2016/IS/tries as its parent node_modules
84 verbose linkBins maap-scaffold@0.0.1
85 verbose linkMans maap-scaffold@0.0.1
86 verbose rebuildBundles maap-scaffold@0.0.1
87 verbose rebuildBundles [ '.bin',
87 verbose rebuildBundles   'bower',
87 verbose rebuildBundles   'complexity-report',
87 verbose rebuildBundles   'jshint',
87 verbose rebuildBundles   'karma',
87 verbose rebuildBundles   'karma-chrome-launcher',
87 verbose rebuildBundles   'karma-coffee-preprocessor',
87 verbose rebuildBundles   'karma-coverage',
87 verbose rebuildBundles   'karma-firefox-launcher',
87 verbose rebuildBundles   'karma-html2js-preprocessor',
87 verbose rebuildBundles   'karma-jasmine',
87 verbose rebuildBundles   'karma-junit-reporter',
87 verbose rebuildBundles   'karma-phantomjs-launcher',
87 verbose rebuildBundles   'karma-requirejs',
87 verbose rebuildBundles   'karma-script-launcher',
87 verbose rebuildBundles   'maap',
87 verbose rebuildBundles   'nodemon',
87 verbose rebuildBundles   'phantomjs',
87 verbose rebuildBundles   'plato',
87 verbose rebuildBundles   'requirejs' ]
88 info install maap-scaffold@0.0.1
89 info postinstall maap-scaffold@0.0.1
90 verbose unsafe-perm in lifecycle true
91 info maap-scaffold@0.0.1 Failed to exec postinstall script
92 verbose stack Error: maap-scaffold@0.0.1 postinstall: `./node_modules/bower/bin/bower install`
92 verbose stack Exit status 1
92 verbose stack     at EventEmitter.<anonymous> (/usr/local/lib/node_modules/npm/lib/utils/lifecycle.js:214:16)
92 verbose stack     at EventEmitter.emit (events.js:110:17)
92 verbose stack     at ChildProcess.<anonymous> (/usr/local/lib/node_modules/npm/lib/utils/spawn.js:24:14)
92 verbose stack     at ChildProcess.emit (events.js:110:17)
92 verbose stack     at maybeClose (child_process.js:1015:16)
92 verbose stack     at Process.ChildProcess._handle.onexit (child_process.js:1087:5)
93 verbose pkgid maap-scaffold@0.0.1
94 verbose cwd /Users/alemhnan/Work/2016/IS/tries/mymaap
95 error Darwin 14.5.0
96 error argv "node" "/usr/local/bin/npm" "i"
97 error node v0.12.7
98 error npm  v2.14.2
99 error code ELIFECYCLE
100 error maap-scaffold@0.0.1 postinstall: `./node_modules/bower/bin/bower install`
100 error Exit status 1
101 error Failed at the maap-scaffold@0.0.1 postinstall script './node_modules/bower/bin/bower install'.
101 error This is most likely a problem with the maap-scaffold package,
101 error not with npm itself.
101 error Tell the author that this fails on your system:
101 error     ./node_modules/bower/bin/bower install
101 error You can get their info via:
101 error     npm owner ls maap-scaffold
101 error There is likely additional logging output above.
102 verbose exit [ 1, true ]
